1: Santa: going to sleep
2: Elf 1: started
3: Elf 1: need help
4: Elf 2: started
5: Elf 2: need help
6: Elf 3: started
7: Elf 3: need help
8: Santa: helping elves
9: Elf 1: get help
10: Elf 2: get help
11: Elf 3: get help
12: Santa: going to sleep
13: Elf 1: need help
14: Elf 2: need help
15: Elf 3: need help
16: Elf 4: started
17: Santa: helping elves
18: Elf 4: need help
19: Elf 1: get help
20: Elf 2: get help
21: Elf 3: get help
22: Elf 5: started
23: Santa: going to sleep
24: Elf 1: need help
25: RD 1: rstarted
26: Elf 5: need help
27: Elf 2: need help
28: Elf 3: need help
29: Santa: helping elves
30: Elf 4: get help
31: Elf 5: get help
32: Elf 1: get help
33: Santa: going to sleep
34: RD 1: return home
35: RD 2: rstarted
36: Elf 4: need help
37: Elf 5: need help
38: Santa: helping elves
39: Elf 1: need help
40: Elf 3: get help
41: Elf 2: get help
42: Elf 4: get help
43: Santa: going to sleep
44: RD 2: return home
45: RD 3: rstarted
46: Elf 3: need help
47: Santa: helping elves
48: Elf 2: need help
49: Elf 5: get help
50: Elf 1: get help
51: Elf 3: get help
52: Elf 4: need help
53: Santa: going to sleep
54: RD 3: return home
55: Elf 1: need help
56: Elf 3: need help
57: Santa: helping elves
58: Elf 2: get help
59: Elf 4: get help
60: Elf 1: get help
61: RD 4: rstarted
62: Santa: going to sleep
63: Elf 5: need help
64: Elf 2: need help
65: Santa: helping elves
66: Elf 3: get help
67: Elf 5: get help
68: Elf 2: get help
69: Santa: going to sleep
70: Elf 4: need help
71: RD 4: return home
72: Elf 1: need help
73: Elf 5: need help
74: RD 5: rstarted
75: Elf 3: need help
76: Elf 2: need help
77: Santa: helping elves
78: Elf 4: get help
79: Elf 1: get help
80: Elf 5: get help
81: Santa: going to sleep
82: RD 5: return home
83: Santa: closing workshop
84: Elf 3: taking holidays
85: Elf 2: taking holidays
86: Elf 4: need help
87: RD 1: get hitched
88: Elf 5: need help
89: Elf 1: need help
90: RD 2: get hitched
91: RD 3: get hitched
92: RD 4: get hitched
93: RD 5: get hitched
94: Santa: Christmas started
95: Elf 4: taking holidays
96: Elf 5: taking holidays
97: Elf 1: taking holidays
